==============================================================================
20161102 23:38:25.082 - INFO - + START SUITE: Acceptancetest [ ]
==============================================================================
20161102 23:38:25.289 - INFO - +- START SUITE: Acceptancetest.RadixSortTests [ ]
==============================================================================
20161102 23:38:25.298 - INFO - +-- START TEST: Sort an Integer Array with a four digit number [ ]
------------------------------------------------------------------------------
20161102 23:38:25.302 - INFO - +--- START KW: BuiltIn.Create List [ 453 | 2 | 45 | 0 | 12 | 750 | 1000 | 10 ]
20161102 23:38:25.312 - INFO - ${intList} = [u'453', u'2', u'45', u'0', u'12', u'750', u'1000', u'10']
20161102 23:38:25.314 - INFO - +--- END KW: BuiltIn.Create List (11)
~~~~~~~~~~~~~~~~~~~~~~~~~~~~~~~~~~~~~~~~~~~~~~~~~~~~~~~~~~~~~~~~~~~~~~~~~~~~~~
20161102 23:38:25.316 - INFO - +--- START KW: BuiltIn.Create List [ 0 | 2 | 10 | 12 | 45 | 453 | 750 | 1000 ]
20161102 23:38:25.323 - INFO - ${finalList} = [u'0', u'2', u'10', u'12', u'45', u'453', u'750', u'1000']
20161102 23:38:25.328 - INFO - +--- END KW: BuiltIn.Create List (9)
~~~~~~~~~~~~~~~~~~~~~~~~~~~~~~~~~~~~~~~~~~~~~~~~~~~~~~~~~~~~~~~~~~~~~~~~~~~~~~
20161102 23:38:25.330 - INFO - +--- START KW: keywords.RadixSortKeywords.Sort Array [ ${intList} | 4 ]
20161102 23:38:25.336 - FAIL - TypeError: SortArray(): 1st arg can't be coerced to int[]
20161102 23:38:25.337 - DEBUG - Traceback (most recent call last):
  None
20161102 23:38:25.339 - INFO - +--- END KW: keywords.RadixSortKeywords.Sort Array (9)
------------------------------------------------------------------------------
20161102 23:38:25.349 - INFO - +-- END TEST: Sort an Integer Array with a four digit number (52)
------------------------------------------------------------------------------
20161102 23:38:25.359 - INFO - +- END SUITE: Acceptancetest.RadixSortTests (265)
==============================================================================
20161102 23:38:25.382 - INFO - + END SUITE: Acceptancetest (735)
==============================================================================
